06-Aug-2025 10:54:54.634 경고 [main] org.apache.tomcat.util.digester.SetPropertiesRule.begin Match [Server/Service/Engine/Host/Context]이(가) 프로퍼티 [debug]을(를) [0](으)로 설정하지 못했습니다.
06-Aug-2025 10:54:54.635 경고 [main] org.apache.tomcat.util.digester.SetPropertiesRule.begin Match [Server/Service/Engine/Host/Context]이(가) 프로퍼티 [URIEncoding]을(를) [utf-8](으)로 설정하지 못했습니다.
06-Aug-2025 10:54:54.640 정보 [main] org.apache.catalina.startup.VersionLoggerListener.log 서버 버전 이름:    Apache Tomcat/9.0.91
06-Aug-2025 10:54:54.641 정보 [main] org.apache.catalina.startup.VersionLoggerListener.log Server 빌드 시각:  Jul 2 2024 12:35:51 UTC
06-Aug-2025 10:54:54.641 정보 [main] org.apache.catalina.startup.VersionLoggerListener.log Server 버전 번호:  9.0.91.0
06-Aug-2025 10:54:54.641 정보 [main] org.apache.catalina.startup.VersionLoggerListener.log 운영체제 이름:     Mac OS X
06-Aug-2025 10:54:54.641 정보 [main] org.apache.catalina.startup.VersionLoggerListener.log 운영체제 버전:     14.3
06-Aug-2025 10:54:54.641 정보 [main] org.apache.catalina.startup.VersionLoggerListener.log 아키텍처:          aarch64
06-Aug-2025 10:54:54.641 정보 [main] org.apache.catalina.startup.VersionLoggerListener.log 자바 홈:           /Users/andwise/Library/Application Support/Code/User/globalStorage/pleiades.java-extension-pack-jdk/java/21
06-Aug-2025 10:54:54.641 정보 [main] org.apache.catalina.startup.VersionLoggerListener.log JVM 버전:          21.0.7+6-LTS
06-Aug-2025 10:54:54.641 정보 [main] org.apache.catalina.startup.VersionLoggerListener.log JVM 벤더:          Eclipse Adoptium
06-Aug-2025 10:54:54.641 정보 [main] org.apache.catalina.startup.VersionLoggerListener.log CATALINA_BASE:     /Users/andwise/cms-ai-project/case2/tomcat9
06-Aug-2025 10:54:54.641 정보 [main] org.apache.catalina.startup.VersionLoggerListener.log CATALINA_HOME:     /Users/andwise/cms-ai-project/case2/tomcat9
06-Aug-2025 10:54:54.641 정보 [main] org.apache.catalina.startup.VersionLoggerListener.log 명령 행 아규먼트:  --add-opens=java.base/java.lang=ALL-UNNAMED
06-Aug-2025 10:54:54.641 정보 [main] org.apache.catalina.startup.VersionLoggerListener.log 명령 행 아규먼트:  --add-opens=java.base/java.io=ALL-UNNAMED
06-Aug-2025 10:54:54.641 정보 [main] org.apache.catalina.startup.VersionLoggerListener.log 명령 행 아규먼트:  --add-opens=java.base/java.util=ALL-UNNAMED
06-Aug-2025 10:54:54.641 정보 [main] org.apache.catalina.startup.VersionLoggerListener.log 명령 행 아규먼트:  --add-opens=java.base/java.util.concurrent=ALL-UNNAMED
06-Aug-2025 10:54:54.641 정보 [main] org.apache.catalina.startup.VersionLoggerListener.log 명령 행 아규먼트:  --add-opens=java.rmi/sun.rmi.transport=ALL-UNNAMED
06-Aug-2025 10:54:54.641 정보 [main] org.apache.catalina.startup.VersionLoggerListener.log 명령 행 아규먼트:  -Djava.util.logging.config.file=/Users/andwise/cms-ai-project/case2/tomcat9/conf/logging.properties
06-Aug-2025 10:54:54.642 정보 [main] org.apache.catalina.startup.VersionLoggerListener.log 명령 행 아규먼트:  -Djava.util.logging.manager=org.apache.juli.ClassLoaderLogManager
06-Aug-2025 10:54:54.642 정보 [main] org.apache.catalina.startup.VersionLoggerListener.log 명령 행 아규먼트:  -Djdk.tls.ephemeralDHKeySize=2048
06-Aug-2025 10:54:54.642 정보 [main] org.apache.catalina.startup.VersionLoggerListener.log 명령 행 아규먼트:  -Djava.protocol.handler.pkgs=org.apache.catalina.webresources
06-Aug-2025 10:54:54.642 정보 [main] org.apache.catalina.startup.VersionLoggerListener.log 명령 행 아규먼트:  -Dorg.apache.catalina.security.SecurityListener.UMASK=0027
06-Aug-2025 10:54:54.642 정보 [main] org.apache.catalina.startup.VersionLoggerListener.log 명령 행 아규먼트:  -Dignore.endorsed.dirs=
06-Aug-2025 10:54:54.642 정보 [main] org.apache.catalina.startup.VersionLoggerListener.log 명령 행 아규먼트:  -Dcatalina.base=/Users/andwise/cms-ai-project/case2/tomcat9
06-Aug-2025 10:54:54.642 정보 [main] org.apache.catalina.startup.VersionLoggerListener.log 명령 행 아규먼트:  -Dcatalina.home=/Users/andwise/cms-ai-project/case2/tomcat9
06-Aug-2025 10:54:54.642 정보 [main] org.apache.catalina.startup.VersionLoggerListener.log 명령 행 아규먼트:  -Djava.io.tmpdir=/Users/andwise/cms-ai-project/case2/tomcat9/temp
06-Aug-2025 10:54:54.646 정보 [main] org.apache.catalina.core.AprLifecycleListener.lifecycleEvent 프로덕션 환경들에서 최적의 성능을 제공하는, APR 기반 Apache Tomcat Native 라이브러리가, 다음 java.library.path에서 발견되지 않습니다: [/Users/andwise/Library/Java/Extensions:/Library/Java/Extensions:/Network/Library/Java/Extensions:/System/Library/Java/Extensions:/usr/lib/java:.]
06-Aug-2025 10:54:54.755 정보 [main] org.apache.coyote.AbstractProtocol.init 프로토콜 핸들러 ["http-nio-8080"]을(를) 초기화합니다.
06-Aug-2025 10:54:54.764 심각 [main] org.apache.catalina.util.LifecycleBase.handleSubClassException 구성요소 [Connector["http-nio-8080"]]을(를) 초기화하지 못했습니다.
	org.apache.catalina.LifecycleException: 프로토콜 핸들러 초기화가 실패했습니다.
		at org.apache.catalina.connector.Connector.initInternal(Connector.java:1012)
		at org.apache.catalina.util.LifecycleBase.init(LifecycleBase.java:122)
		at org.apache.catalina.core.StandardService.initInternal(StandardService.java:525)
		at org.apache.catalina.util.LifecycleBase.init(LifecycleBase.java:122)
		at org.apache.catalina.core.StandardServer.initInternal(StandardServer.java:990)
		at org.apache.catalina.util.LifecycleBase.init(LifecycleBase.java:122)
		at org.apache.catalina.startup.Catalina.load(Catalina.java:686)
		at org.apache.catalina.startup.Catalina.load(Catalina.java:709)
		at java.base/jdk.internal.reflect.DirectMethodHandleAccessor.invoke(DirectMethodHandleAccessor.java:103)
		at java.base/java.lang.reflect.Method.invoke(Method.java:580)
		at org.apache.catalina.startup.Bootstrap.load(Bootstrap.java:302)
		at org.apache.catalina.startup.Bootstrap.main(Bootstrap.java:472)
	Caused by: java.net.BindException: Address already in use
		at java.base/sun.nio.ch.Net.bind0(Native Method)
		at java.base/sun.nio.ch.Net.bind(Net.java:565)
		at java.base/sun.nio.ch.ServerSocketChannelImpl.netBind(ServerSocketChannelImpl.java:344)
		at java.base/sun.nio.ch.ServerSocketChannelImpl.bind(ServerSocketChannelImpl.java:301)
		at org.apache.tomcat.util.net.NioEndpoint.initServerSocket(NioEndpoint.java:268)
		at org.apache.tomcat.util.net.NioEndpoint.bind(NioEndpoint.java:223)
		at org.apache.tomcat.util.net.AbstractEndpoint.bindWithCleanup(AbstractEndpoint.java:1373)
		at org.apache.tomcat.util.net.AbstractEndpoint.init(AbstractEndpoint.java:1386)
		at org.apache.coyote.AbstractProtocol.init(AbstractProtocol.java:662)
		at org.apache.coyote.http11.AbstractHttp11Protocol.init(AbstractHttp11Protocol.java:75)
		at org.apache.catalina.connector.Connector.initInternal(Connector.java:1010)
		... 11 more
06-Aug-2025 10:54:54.764 정보 [main] org.apache.catalina.startup.Catalina.load [227] 밀리초 내에 서버가 초기화되었습니다.
06-Aug-2025 10:54:54.779 정보 [main] org.apache.catalina.core.StandardService.startInternal 서비스 [Catalina]을(를) 시작합니다.
06-Aug-2025 10:54:54.779 정보 [main] org.apache.catalina.core.StandardEngine.startInternal 서버 엔진을 시작합니다: [Apache Tomcat/9.0.91]
06-Aug-2025 10:54:54.878 정보 [main] org.apache.catalina.startup.HostConfig.deployDirectory 웹 애플리케이션 디렉토리 [/Users/andwise/cms-ai-project/case2/tomcat9/webapps/docs]을(를) 배치합니다.
06-Aug-2025 10:54:54.889 정보 [main] org.apache.catalina.startup.HostConfig.deployDirectory 웹 애플리케이션 디렉토리 [/Users/andwise/cms-ai-project/case2/tomcat9/webapps/docs]에 대한 배치가 [9] 밀리초에 완료되었습니다.
06-Aug-2025 10:54:54.889 정보 [main] org.apache.catalina.startup.HostConfig.deployDirectory 웹 애플리케이션 디렉토리 [/Users/andwise/cms-ai-project/case2/tomcat9/webapps/manager]을(를) 배치합니다.
06-Aug-2025 10:54:54.902 정보 [main] org.apache.catalina.startup.HostConfig.deployDirectory 웹 애플리케이션 디렉토리 [/Users/andwise/cms-ai-project/case2/tomcat9/webapps/manager]에 대한 배치가 [12] 밀리초에 완료되었습니다.
06-Aug-2025 10:54:54.902 정보 [main] org.apache.catalina.startup.HostConfig.deployDirectory 웹 애플리케이션 디렉토리 [/Users/andwise/cms-ai-project/case2/tomcat9/webapps/examples]을(를) 배치합니다.
06-Aug-2025 10:54:54.976 정보 [main] org.apache.catalina.startup.HostConfig.deployDirectory 웹 애플리케이션 디렉토리 [/Users/andwise/cms-ai-project/case2/tomcat9/webapps/examples]에 대한 배치가 [74] 밀리초에 완료되었습니다.
06-Aug-2025 10:54:54.976 정보 [main] org.apache.catalina.startup.HostConfig.deployDirectory 웹 애플리케이션 디렉토리 [/Users/andwise/cms-ai-project/case2/tomcat9/webapps/host-manager]을(를) 배치합니다.
06-Aug-2025 10:54:54.982 정보 [main] org.apache.catalina.startup.HostConfig.deployDirectory 웹 애플리케이션 디렉토리 [/Users/andwise/cms-ai-project/case2/tomcat9/webapps/host-manager]에 대한 배치가 [6] 밀리초에 완료되었습니다.
06-Aug-2025 10:54:54.984 정보 [main] org.apache.catalina.startup.Catalina.start 서버가 [219] 밀리초 내에 시작되었습니다.
06-Aug-2025 11:03:33.089 정보 [main] org.apache.catalina.core.StandardServer.await 셧다운 포트를 통해 유효한 셧다운 명령을 받았습니다. 서버 인스턴스를 중지시킵니다.
06-Aug-2025 11:03:33.091 정보 [main] org.apache.coyote.AbstractProtocol.pause 프로토콜 핸들러 ["http-nio-8080"]을(를) 일시 정지 중
06-Aug-2025 11:03:33.091 정보 [main] org.apache.catalina.core.StandardService.stopInternal 서비스 [Catalina]을(를) 중지시킵니다.
06-Aug-2025 11:03:33.106 정보 [main] org.apache.coyote.AbstractProtocol.stop 프로토콜 핸들러 ["http-nio-8080"]을(를) 중지시킵니다.
06-Aug-2025 11:03:33.107 정보 [main] org.apache.coyote.AbstractProtocol.destroy 프로토콜 핸들러 ["http-nio-8080"]을(를) 소멸시킵니다.
06-Aug-2025 11:03:59.281 경고 [main] org.apache.tomcat.util.digester.SetPropertiesRule.begin Match [Server/Service/Engine/Host/Context]이(가) 프로퍼티 [debug]을(를) [0](으)로 설정하지 못했습니다.
06-Aug-2025 11:03:59.282 경고 [main] org.apache.tomcat.util.digester.SetPropertiesRule.begin Match [Server/Service/Engine/Host/Context]이(가) 프로퍼티 [URIEncoding]을(를) [utf-8](으)로 설정하지 못했습니다.
06-Aug-2025 11:03:59.289 정보 [main] org.apache.catalina.startup.VersionLoggerListener.log 서버 버전 이름:    Apache Tomcat/9.0.91
06-Aug-2025 11:03:59.289 정보 [main] org.apache.catalina.startup.VersionLoggerListener.log Server 빌드 시각:  Jul 2 2024 12:35:51 UTC
06-Aug-2025 11:03:59.289 정보 [main] org.apache.catalina.startup.VersionLoggerListener.log Server 버전 번호:  9.0.91.0
06-Aug-2025 11:03:59.289 정보 [main] org.apache.catalina.startup.VersionLoggerListener.log 운영체제 이름:     Mac OS X
06-Aug-2025 11:03:59.289 정보 [main] org.apache.catalina.startup.VersionLoggerListener.log 운영체제 버전:     14.3
06-Aug-2025 11:03:59.289 정보 [main] org.apache.catalina.startup.VersionLoggerListener.log 아키텍처:          aarch64
06-Aug-2025 11:03:59.289 정보 [main] org.apache.catalina.startup.VersionLoggerListener.log 자바 홈:           /Users/andwise/Library/Application Support/Code/User/globalStorage/pleiades.java-extension-pack-jdk/java/21
06-Aug-2025 11:03:59.289 정보 [main] org.apache.catalina.startup.VersionLoggerListener.log JVM 버전:          21.0.7+6-LTS
06-Aug-2025 11:03:59.289 정보 [main] org.apache.catalina.startup.VersionLoggerListener.log JVM 벤더:          Eclipse Adoptium
06-Aug-2025 11:03:59.289 정보 [main] org.apache.catalina.startup.VersionLoggerListener.log CATALINA_BASE:     /Users/andwise/cms-ai-project/case2/tomcat9
06-Aug-2025 11:03:59.289 정보 [main] org.apache.catalina.startup.VersionLoggerListener.log CATALINA_HOME:     /Users/andwise/cms-ai-project/case2/tomcat9
06-Aug-2025 11:03:59.290 정보 [main] org.apache.catalina.startup.VersionLoggerListener.log 명령 행 아규먼트:  --add-opens=java.base/java.lang=ALL-UNNAMED
06-Aug-2025 11:03:59.290 정보 [main] org.apache.catalina.startup.VersionLoggerListener.log 명령 행 아규먼트:  --add-opens=java.base/java.io=ALL-UNNAMED
06-Aug-2025 11:03:59.290 정보 [main] org.apache.catalina.startup.VersionLoggerListener.log 명령 행 아규먼트:  --add-opens=java.base/java.util=ALL-UNNAMED
06-Aug-2025 11:03:59.290 정보 [main] org.apache.catalina.startup.VersionLoggerListener.log 명령 행 아규먼트:  --add-opens=java.base/java.util.concurrent=ALL-UNNAMED
06-Aug-2025 11:03:59.290 정보 [main] org.apache.catalina.startup.VersionLoggerListener.log 명령 행 아규먼트:  --add-opens=java.rmi/sun.rmi.transport=ALL-UNNAMED
06-Aug-2025 11:03:59.290 정보 [main] org.apache.catalina.startup.VersionLoggerListener.log 명령 행 아규먼트:  -Djava.util.logging.config.file=/Users/andwise/cms-ai-project/case2/tomcat9/conf/logging.properties
06-Aug-2025 11:03:59.290 정보 [main] org.apache.catalina.startup.VersionLoggerListener.log 명령 행 아규먼트:  -Djava.util.logging.manager=org.apache.juli.ClassLoaderLogManager
06-Aug-2025 11:03:59.290 정보 [main] org.apache.catalina.startup.VersionLoggerListener.log 명령 행 아규먼트:  -Djdk.tls.ephemeralDHKeySize=2048
06-Aug-2025 11:03:59.290 정보 [main] org.apache.catalina.startup.VersionLoggerListener.log 명령 행 아규먼트:  -Djava.protocol.handler.pkgs=org.apache.catalina.webresources
06-Aug-2025 11:03:59.290 정보 [main] org.apache.catalina.startup.VersionLoggerListener.log 명령 행 아규먼트:  -Dorg.apache.catalina.security.SecurityListener.UMASK=0027
06-Aug-2025 11:03:59.290 정보 [main] org.apache.catalina.startup.VersionLoggerListener.log 명령 행 아규먼트:  -Dignore.endorsed.dirs=
06-Aug-2025 11:03:59.290 정보 [main] org.apache.catalina.startup.VersionLoggerListener.log 명령 행 아규먼트:  -Dcatalina.base=/Users/andwise/cms-ai-project/case2/tomcat9
06-Aug-2025 11:03:59.290 정보 [main] org.apache.catalina.startup.VersionLoggerListener.log 명령 행 아규먼트:  -Dcatalina.home=/Users/andwise/cms-ai-project/case2/tomcat9
06-Aug-2025 11:03:59.290 정보 [main] org.apache.catalina.startup.VersionLoggerListener.log 명령 행 아규먼트:  -Djava.io.tmpdir=/Users/andwise/cms-ai-project/case2/tomcat9/temp
06-Aug-2025 11:03:59.296 정보 [main] org.apache.catalina.core.AprLifecycleListener.lifecycleEvent 프로덕션 환경들에서 최적의 성능을 제공하는, APR 기반 Apache Tomcat Native 라이브러리가, 다음 java.library.path에서 발견되지 않습니다: [/Users/andwise/Library/Java/Extensions:/Library/Java/Extensions:/Network/Library/Java/Extensions:/System/Library/Java/Extensions:/usr/lib/java:.]
06-Aug-2025 11:03:59.404 정보 [main] org.apache.coyote.AbstractProtocol.init 프로토콜 핸들러 ["http-nio-8000"]을(를) 초기화합니다.
06-Aug-2025 11:03:59.417 정보 [main] org.apache.catalina.startup.Catalina.load [232] 밀리초 내에 서버가 초기화되었습니다.
06-Aug-2025 11:03:59.431 정보 [main] org.apache.catalina.core.StandardService.startInternal 서비스 [Catalina]을(를) 시작합니다.
06-Aug-2025 11:03:59.431 정보 [main] org.apache.catalina.core.StandardEngine.startInternal 서버 엔진을 시작합니다: [Apache Tomcat/9.0.91]
06-Aug-2025 11:03:59.530 정보 [main] org.apache.catalina.startup.HostConfig.deployDirectory 웹 애플리케이션 디렉토리 [/Users/andwise/cms-ai-project/case2/tomcat9/webapps/docs]을(를) 배치합니다.
06-Aug-2025 11:03:59.540 정보 [main] org.apache.catalina.startup.HostConfig.deployDirectory 웹 애플리케이션 디렉토리 [/Users/andwise/cms-ai-project/case2/tomcat9/webapps/docs]에 대한 배치가 [8] 밀리초에 완료되었습니다.
06-Aug-2025 11:03:59.541 정보 [main] org.apache.catalina.startup.HostConfig.deployDirectory 웹 애플리케이션 디렉토리 [/Users/andwise/cms-ai-project/case2/tomcat9/webapps/manager]을(를) 배치합니다.
06-Aug-2025 11:03:59.553 정보 [main] org.apache.catalina.startup.HostConfig.deployDirectory 웹 애플리케이션 디렉토리 [/Users/andwise/cms-ai-project/case2/tomcat9/webapps/manager]에 대한 배치가 [12] 밀리초에 완료되었습니다.
06-Aug-2025 11:03:59.553 정보 [main] org.apache.catalina.startup.HostConfig.deployDirectory 웹 애플리케이션 디렉토리 [/Users/andwise/cms-ai-project/case2/tomcat9/webapps/examples]을(를) 배치합니다.
06-Aug-2025 11:03:59.630 정보 [main] org.apache.catalina.startup.HostConfig.deployDirectory 웹 애플리케이션 디렉토리 [/Users/andwise/cms-ai-project/case2/tomcat9/webapps/examples]에 대한 배치가 [77] 밀리초에 완료되었습니다.
06-Aug-2025 11:03:59.631 정보 [main] org.apache.catalina.startup.HostConfig.deployDirectory 웹 애플리케이션 디렉토리 [/Users/andwise/cms-ai-project/case2/tomcat9/webapps/host-manager]을(를) 배치합니다.
06-Aug-2025 11:03:59.637 정보 [main] org.apache.catalina.startup.HostConfig.deployDirectory 웹 애플리케이션 디렉토리 [/Users/andwise/cms-ai-project/case2/tomcat9/webapps/host-manager]에 대한 배치가 [6] 밀리초에 완료되었습니다.
06-Aug-2025 11:03:59.638 정보 [main] org.apache.coyote.AbstractProtocol.start 프로토콜 핸들러 ["http-nio-8000"]을(를) 시작합니다.
06-Aug-2025 11:03:59.642 정보 [main] org.apache.catalina.startup.Catalina.start 서버가 [224] 밀리초 내에 시작되었습니다.
06-Aug-2025 11:14:25.327 정보 [main] org.apache.catalina.core.StandardServer.await 셧다운 포트를 통해 유효한 셧다운 명령을 받았습니다. 서버 인스턴스를 중지시킵니다.
06-Aug-2025 11:14:25.328 정보 [main] org.apache.coyote.AbstractProtocol.pause 프로토콜 핸들러 ["http-nio-8000"]을(를) 일시 정지 중
06-Aug-2025 11:14:25.331 정보 [main] org.apache.catalina.core.StandardService.stopInternal 서비스 [Catalina]을(를) 중지시킵니다.
06-Aug-2025 11:14:25.346 정보 [main] org.apache.coyote.AbstractProtocol.stop 프로토콜 핸들러 ["http-nio-8000"]을(를) 중지시킵니다.
06-Aug-2025 11:14:25.354 정보 [main] org.apache.coyote.AbstractProtocol.destroy 프로토콜 핸들러 ["http-nio-8000"]을(를) 소멸시킵니다.
06-Aug-2025 11:14:29.206 경고 [main] org.apache.tomcat.util.digester.SetPropertiesRule.begin Match [Server/Service/Engine/Host/Context]이(가) 프로퍼티 [debug]을(를) [0](으)로 설정하지 못했습니다.
06-Aug-2025 11:14:29.207 경고 [main] org.apache.tomcat.util.digester.SetPropertiesRule.begin Match [Server/Service/Engine/Host/Context]이(가) 프로퍼티 [URIEncoding]을(를) [utf-8](으)로 설정하지 못했습니다.
06-Aug-2025 11:14:29.212 정보 [main] org.apache.catalina.startup.VersionLoggerListener.log 서버 버전 이름:    Apache Tomcat/9.0.91
06-Aug-2025 11:14:29.212 정보 [main] org.apache.catalina.startup.VersionLoggerListener.log Server 빌드 시각:  Jul 2 2024 12:35:51 UTC
06-Aug-2025 11:14:29.213 정보 [main] org.apache.catalina.startup.VersionLoggerListener.log Server 버전 번호:  9.0.91.0
06-Aug-2025 11:14:29.213 정보 [main] org.apache.catalina.startup.VersionLoggerListener.log 운영체제 이름:     Mac OS X
06-Aug-2025 11:14:29.213 정보 [main] org.apache.catalina.startup.VersionLoggerListener.log 운영체제 버전:     14.3
06-Aug-2025 11:14:29.213 정보 [main] org.apache.catalina.startup.VersionLoggerListener.log 아키텍처:          aarch64
06-Aug-2025 11:14:29.213 정보 [main] org.apache.catalina.startup.VersionLoggerListener.log 자바 홈:           /Users/andwise/Library/Application Support/Code/User/globalStorage/pleiades.java-extension-pack-jdk/java/21
06-Aug-2025 11:14:29.213 정보 [main] org.apache.catalina.startup.VersionLoggerListener.log JVM 버전:          21.0.7+6-LTS
06-Aug-2025 11:14:29.213 정보 [main] org.apache.catalina.startup.VersionLoggerListener.log JVM 벤더:          Eclipse Adoptium
06-Aug-2025 11:14:29.213 정보 [main] org.apache.catalina.startup.VersionLoggerListener.log CATALINA_BASE:     /Users/andwise/cms-ai-project/case2/tomcat9
06-Aug-2025 11:14:29.213 정보 [main] org.apache.catalina.startup.VersionLoggerListener.log CATALINA_HOME:     /Users/andwise/cms-ai-project/case2/tomcat9
06-Aug-2025 11:14:29.213 정보 [main] org.apache.catalina.startup.VersionLoggerListener.log 명령 행 아규먼트:  --add-opens=java.base/java.lang=ALL-UNNAMED
06-Aug-2025 11:14:29.213 정보 [main] org.apache.catalina.startup.VersionLoggerListener.log 명령 행 아규먼트:  --add-opens=java.base/java.io=ALL-UNNAMED
06-Aug-2025 11:14:29.213 정보 [main] org.apache.catalina.startup.VersionLoggerListener.log 명령 행 아규먼트:  --add-opens=java.base/java.util=ALL-UNNAMED
06-Aug-2025 11:14:29.213 정보 [main] org.apache.catalina.startup.VersionLoggerListener.log 명령 행 아규먼트:  --add-opens=java.base/java.util.concurrent=ALL-UNNAMED
06-Aug-2025 11:14:29.213 정보 [main] org.apache.catalina.startup.VersionLoggerListener.log 명령 행 아규먼트:  --add-opens=java.rmi/sun.rmi.transport=ALL-UNNAMED
06-Aug-2025 11:14:29.213 정보 [main] org.apache.catalina.startup.VersionLoggerListener.log 명령 행 아규먼트:  -Djava.util.logging.config.file=/Users/andwise/cms-ai-project/case2/tomcat9/conf/logging.properties
06-Aug-2025 11:14:29.213 정보 [main] org.apache.catalina.startup.VersionLoggerListener.log 명령 행 아규먼트:  -Djava.util.logging.manager=org.apache.juli.ClassLoaderLogManager
06-Aug-2025 11:14:29.213 정보 [main] org.apache.catalina.startup.VersionLoggerListener.log 명령 행 아규먼트:  -Djdk.tls.ephemeralDHKeySize=2048
06-Aug-2025 11:14:29.214 정보 [main] org.apache.catalina.startup.VersionLoggerListener.log 명령 행 아규먼트:  -Djava.protocol.handler.pkgs=org.apache.catalina.webresources
06-Aug-2025 11:14:29.214 정보 [main] org.apache.catalina.startup.VersionLoggerListener.log 명령 행 아규먼트:  -Dorg.apache.catalina.security.SecurityListener.UMASK=0027
06-Aug-2025 11:14:29.214 정보 [main] org.apache.catalina.startup.VersionLoggerListener.log 명령 행 아규먼트:  -Dignore.endorsed.dirs=
06-Aug-2025 11:14:29.214 정보 [main] org.apache.catalina.startup.VersionLoggerListener.log 명령 행 아규먼트:  -Dcatalina.base=/Users/andwise/cms-ai-project/case2/tomcat9
06-Aug-2025 11:14:29.214 정보 [main] org.apache.catalina.startup.VersionLoggerListener.log 명령 행 아규먼트:  -Dcatalina.home=/Users/andwise/cms-ai-project/case2/tomcat9
06-Aug-2025 11:14:29.214 정보 [main] org.apache.catalina.startup.VersionLoggerListener.log 명령 행 아규먼트:  -Djava.io.tmpdir=/Users/andwise/cms-ai-project/case2/tomcat9/temp
06-Aug-2025 11:14:29.217 정보 [main] org.apache.catalina.core.AprLifecycleListener.lifecycleEvent 프로덕션 환경들에서 최적의 성능을 제공하는, APR 기반 Apache Tomcat Native 라이브러리가, 다음 java.library.path에서 발견되지 않습니다: [/Users/andwise/Library/Java/Extensions:/Library/Java/Extensions:/Network/Library/Java/Extensions:/System/Library/Java/Extensions:/usr/lib/java:.]
06-Aug-2025 11:14:29.328 정보 [main] org.apache.coyote.AbstractProtocol.init 프로토콜 핸들러 ["http-nio-8000"]을(를) 초기화합니다.
06-Aug-2025 11:14:29.339 정보 [main] org.apache.catalina.startup.Catalina.load [214] 밀리초 내에 서버가 초기화되었습니다.
06-Aug-2025 11:14:29.352 정보 [main] org.apache.catalina.core.StandardService.startInternal 서비스 [Catalina]을(를) 시작합니다.
06-Aug-2025 11:14:29.352 정보 [main] org.apache.catalina.core.StandardEngine.startInternal 서버 엔진을 시작합니다: [Apache Tomcat/9.0.91]
06-Aug-2025 11:14:29.457 정보 [main] org.apache.jasper.servlet.TldScanner.scanJars 적어도 하나의 JAR가 TLD들을 찾기 위해 스캔되었으나 아무 것도 찾지 못했습니다. 스캔했으나 TLD가 없는 JAR들의 전체 목록을 보시려면, 로그 레벨을 디버그 레벨로 설정하십시오. 스캔 과정에서 불필요한 JAR들을 건너뛰면, 시스템 시작 시간과 JSP 컴파일 시간을 단축시킬 수 있습니다.
06-Aug-2025 11:14:29.469 정보 [main] org.apache.catalina.startup.HostConfig.deployDirectory 웹 애플리케이션 디렉토리 [/Users/andwise/cms-ai-project/case2/tomcat9/webapps/docs]을(를) 배치합니다.
06-Aug-2025 11:14:29.490 정보 [main] org.apache.jasper.servlet.TldScanner.scanJars 적어도 하나의 JAR가 TLD들을 찾기 위해 스캔되었으나 아무 것도 찾지 못했습니다. 스캔했으나 TLD가 없는 JAR들의 전체 목록을 보시려면, 로그 레벨을 디버그 레벨로 설정하십시오. 스캔 과정에서 불필요한 JAR들을 건너뛰면, 시스템 시작 시간과 JSP 컴파일 시간을 단축시킬 수 있습니다.
06-Aug-2025 11:14:29.493 정보 [main] org.apache.catalina.startup.HostConfig.deployDirectory 웹 애플리케이션 디렉토리 [/Users/andwise/cms-ai-project/case2/tomcat9/webapps/docs]에 대한 배치가 [22] 밀리초에 완료되었습니다.
06-Aug-2025 11:14:29.493 정보 [main] org.apache.catalina.startup.HostConfig.deployDirectory 웹 애플리케이션 디렉토리 [/Users/andwise/cms-ai-project/case2/tomcat9/webapps/manager]을(를) 배치합니다.
06-Aug-2025 11:14:29.513 정보 [main] org.apache.jasper.servlet.TldScanner.scanJars 적어도 하나의 JAR가 TLD들을 찾기 위해 스캔되었으나 아무 것도 찾지 못했습니다. 스캔했으나 TLD가 없는 JAR들의 전체 목록을 보시려면, 로그 레벨을 디버그 레벨로 설정하십시오. 스캔 과정에서 불필요한 JAR들을 건너뛰면, 시스템 시작 시간과 JSP 컴파일 시간을 단축시킬 수 있습니다.
06-Aug-2025 11:14:29.515 정보 [main] org.apache.catalina.startup.HostConfig.deployDirectory 웹 애플리케이션 디렉토리 [/Users/andwise/cms-ai-project/case2/tomcat9/webapps/manager]에 대한 배치가 [22] 밀리초에 완료되었습니다.
06-Aug-2025 11:14:29.515 정보 [main] org.apache.catalina.startup.HostConfig.deployDirectory 웹 애플리케이션 디렉토리 [/Users/andwise/cms-ai-project/case2/tomcat9/webapps/examples]을(를) 배치합니다.
06-Aug-2025 11:14:29.579 정보 [main] org.apache.jasper.servlet.TldScanner.scanJars 적어도 하나의 JAR가 TLD들을 찾기 위해 스캔되었으나 아무 것도 찾지 못했습니다. 스캔했으나 TLD가 없는 JAR들의 전체 목록을 보시려면, 로그 레벨을 디버그 레벨로 설정하십시오. 스캔 과정에서 불필요한 JAR들을 건너뛰면, 시스템 시작 시간과 JSP 컴파일 시간을 단축시킬 수 있습니다.
06-Aug-2025 11:14:29.584 정보 [main] org.apache.catalina.startup.HostConfig.deployDirectory 웹 애플리케이션 디렉토리 [/Users/andwise/cms-ai-project/case2/tomcat9/webapps/examples]에 대한 배치가 [68] 밀리초에 완료되었습니다.
06-Aug-2025 11:14:29.584 정보 [main] org.apache.catalina.startup.HostConfig.deployDirectory 웹 애플리케이션 디렉토리 [/Users/andwise/cms-ai-project/case2/tomcat9/webapps/host-manager]을(를) 배치합니다.
06-Aug-2025 11:14:29.598 정보 [main] org.apache.jasper.servlet.TldScanner.scanJars 적어도 하나의 JAR가 TLD들을 찾기 위해 스캔되었으나 아무 것도 찾지 못했습니다. 스캔했으나 TLD가 없는 JAR들의 전체 목록을 보시려면, 로그 레벨을 디버그 레벨로 설정하십시오. 스캔 과정에서 불필요한 JAR들을 건너뛰면, 시스템 시작 시간과 JSP 컴파일 시간을 단축시킬 수 있습니다.
06-Aug-2025 11:14:29.598 정보 [main] org.apache.catalina.startup.HostConfig.deployDirectory 웹 애플리케이션 디렉토리 [/Users/andwise/cms-ai-project/case2/tomcat9/webapps/host-manager]에 대한 배치가 [14] 밀리초에 완료되었습니다.
06-Aug-2025 11:14:29.600 정보 [main] org.apache.coyote.AbstractProtocol.start 프로토콜 핸들러 ["http-nio-8000"]을(를) 시작합니다.
06-Aug-2025 11:14:29.604 정보 [main] org.apache.catalina.startup.Catalina.start 서버가 [264] 밀리초 내에 시작되었습니다.
06-Aug-2025 13:29:13.575 경고 [main] org.apache.tomcat.util.digester.SetPropertiesRule.begin Match [Server/Service/Engine/Host/Context]이(가) 프로퍼티 [debug]을(를) [0](으)로 설정하지 못했습니다.
06-Aug-2025 13:29:13.577 경고 [main] org.apache.tomcat.util.digester.SetPropertiesRule.begin Match [Server/Service/Engine/Host/Context]이(가) 프로퍼티 [URIEncoding]을(를) [utf-8](으)로 설정하지 못했습니다.
06-Aug-2025 13:29:13.583 정보 [main] org.apache.catalina.startup.VersionLoggerListener.log 서버 버전 이름:    Apache Tomcat/9.0.91
06-Aug-2025 13:29:13.583 정보 [main] org.apache.catalina.startup.VersionLoggerListener.log Server 빌드 시각:  Jul 2 2024 12:35:51 UTC
06-Aug-2025 13:29:13.583 정보 [main] org.apache.catalina.startup.VersionLoggerListener.log Server 버전 번호:  9.0.91.0
06-Aug-2025 13:29:13.583 정보 [main] org.apache.catalina.startup.VersionLoggerListener.log 운영체제 이름:     Mac OS X
06-Aug-2025 13:29:13.583 정보 [main] org.apache.catalina.startup.VersionLoggerListener.log 운영체제 버전:     14.3
06-Aug-2025 13:29:13.583 정보 [main] org.apache.catalina.startup.VersionLoggerListener.log 아키텍처:          aarch64
06-Aug-2025 13:29:13.583 정보 [main] org.apache.catalina.startup.VersionLoggerListener.log 자바 홈:           /Users/andwise/Library/Application Support/Code/User/globalStorage/pleiades.java-extension-pack-jdk/java/21
06-Aug-2025 13:29:13.583 정보 [main] org.apache.catalina.startup.VersionLoggerListener.log JVM 버전:          21.0.7+6-LTS
06-Aug-2025 13:29:13.583 정보 [main] org.apache.catalina.startup.VersionLoggerListener.log JVM 벤더:          Eclipse Adoptium
06-Aug-2025 13:29:13.583 정보 [main] org.apache.catalina.startup.VersionLoggerListener.log CATALINA_BASE:     /Users/andwise/cms-ai-project/case2/tomcat9
06-Aug-2025 13:29:13.583 정보 [main] org.apache.catalina.startup.VersionLoggerListener.log CATALINA_HOME:     /Users/andwise/cms-ai-project/case2/tomcat9
06-Aug-2025 13:29:13.584 정보 [main] org.apache.catalina.startup.VersionLoggerListener.log 명령 행 아규먼트:  --add-opens=java.base/java.lang=ALL-UNNAMED
06-Aug-2025 13:29:13.584 정보 [main] org.apache.catalina.startup.VersionLoggerListener.log 명령 행 아규먼트:  --add-opens=java.base/java.io=ALL-UNNAMED
06-Aug-2025 13:29:13.584 정보 [main] org.apache.catalina.startup.VersionLoggerListener.log 명령 행 아규먼트:  --add-opens=java.base/java.util=ALL-UNNAMED
06-Aug-2025 13:29:13.584 정보 [main] org.apache.catalina.startup.VersionLoggerListener.log 명령 행 아규먼트:  --add-opens=java.base/java.util.concurrent=ALL-UNNAMED
06-Aug-2025 13:29:13.584 정보 [main] org.apache.catalina.startup.VersionLoggerListener.log 명령 행 아규먼트:  --add-opens=java.rmi/sun.rmi.transport=ALL-UNNAMED
06-Aug-2025 13:29:13.584 정보 [main] org.apache.catalina.startup.VersionLoggerListener.log 명령 행 아규먼트:  -Djava.util.logging.config.file=/Users/andwise/cms-ai-project/case2/tomcat9/conf/logging.properties
06-Aug-2025 13:29:13.584 정보 [main] org.apache.catalina.startup.VersionLoggerListener.log 명령 행 아규먼트:  -Djava.util.logging.manager=org.apache.juli.ClassLoaderLogManager
06-Aug-2025 13:29:13.584 정보 [main] org.apache.catalina.startup.VersionLoggerListener.log 명령 행 아규먼트:  -Djdk.tls.ephemeralDHKeySize=2048
06-Aug-2025 13:29:13.584 정보 [main] org.apache.catalina.startup.VersionLoggerListener.log 명령 행 아규먼트:  -Djava.protocol.handler.pkgs=org.apache.catalina.webresources
06-Aug-2025 13:29:13.584 정보 [main] org.apache.catalina.startup.VersionLoggerListener.log 명령 행 아규먼트:  -Dorg.apache.catalina.security.SecurityListener.UMASK=0027
06-Aug-2025 13:29:13.584 정보 [main] org.apache.catalina.startup.VersionLoggerListener.log 명령 행 아규먼트:  -Dignore.endorsed.dirs=
06-Aug-2025 13:29:13.584 정보 [main] org.apache.catalina.startup.VersionLoggerListener.log 명령 행 아규먼트:  -Dcatalina.base=/Users/andwise/cms-ai-project/case2/tomcat9
06-Aug-2025 13:29:13.584 정보 [main] org.apache.catalina.startup.VersionLoggerListener.log 명령 행 아규먼트:  -Dcatalina.home=/Users/andwise/cms-ai-project/case2/tomcat9
06-Aug-2025 13:29:13.584 정보 [main] org.apache.catalina.startup.VersionLoggerListener.log 명령 행 아규먼트:  -Djava.io.tmpdir=/Users/andwise/cms-ai-project/case2/tomcat9/temp
06-Aug-2025 13:29:13.589 정보 [main] org.apache.catalina.core.AprLifecycleListener.lifecycleEvent 프로덕션 환경들에서 최적의 성능을 제공하는, APR 기반 Apache Tomcat Native 라이브러리가, 다음 java.library.path에서 발견되지 않습니다: [/Users/andwise/Library/Java/Extensions:/Library/Java/Extensions:/Network/Library/Java/Extensions:/System/Library/Java/Extensions:/usr/lib/java:.]
06-Aug-2025 13:29:13.705 정보 [main] org.apache.coyote.AbstractProtocol.init 프로토콜 핸들러 ["http-nio-8000"]을(를) 초기화합니다.
06-Aug-2025 13:29:13.718 정보 [main] org.apache.catalina.startup.Catalina.load [248] 밀리초 내에 서버가 초기화되었습니다.
06-Aug-2025 13:29:13.737 정보 [main] org.apache.catalina.core.StandardService.startInternal 서비스 [Catalina]을(를) 시작합니다.
06-Aug-2025 13:29:13.737 정보 [main] org.apache.catalina.core.StandardEngine.startInternal 서버 엔진을 시작합니다: [Apache Tomcat/9.0.91]
06-Aug-2025 13:29:13.861 정보 [main] org.apache.jasper.servlet.TldScanner.scanJars 적어도 하나의 JAR가 TLD들을 찾기 위해 스캔되었으나 아무 것도 찾지 못했습니다. 스캔했으나 TLD가 없는 JAR들의 전체 목록을 보시려면, 로그 레벨을 디버그 레벨로 설정하십시오. 스캔 과정에서 불필요한 JAR들을 건너뛰면, 시스템 시작 시간과 JSP 컴파일 시간을 단축시킬 수 있습니다.
06-Aug-2025 13:29:13.874 정보 [main] org.apache.catalina.startup.HostConfig.deployDirectory 웹 애플리케이션 디렉토리 [/Users/andwise/cms-ai-project/case2/tomcat9/webapps/docs]을(를) 배치합니다.
06-Aug-2025 13:29:13.898 정보 [main] org.apache.jasper.servlet.TldScanner.scanJars 적어도 하나의 JAR가 TLD들을 찾기 위해 스캔되었으나 아무 것도 찾지 못했습니다. 스캔했으나 TLD가 없는 JAR들의 전체 목록을 보시려면, 로그 레벨을 디버그 레벨로 설정하십시오. 스캔 과정에서 불필요한 JAR들을 건너뛰면, 시스템 시작 시간과 JSP 컴파일 시간을 단축시킬 수 있습니다.
06-Aug-2025 13:29:13.901 정보 [main] org.apache.catalina.startup.HostConfig.deployDirectory 웹 애플리케이션 디렉토리 [/Users/andwise/cms-ai-project/case2/tomcat9/webapps/docs]에 대한 배치가 [25] 밀리초에 완료되었습니다.
06-Aug-2025 13:29:13.901 정보 [main] org.apache.catalina.startup.HostConfig.deployDirectory 웹 애플리케이션 디렉토리 [/Users/andwise/cms-ai-project/case2/tomcat9/webapps/manager]을(를) 배치합니다.
06-Aug-2025 13:29:13.921 정보 [main] org.apache.jasper.servlet.TldScanner.scanJars 적어도 하나의 JAR가 TLD들을 찾기 위해 스캔되었으나 아무 것도 찾지 못했습니다. 스캔했으나 TLD가 없는 JAR들의 전체 목록을 보시려면, 로그 레벨을 디버그 레벨로 설정하십시오. 스캔 과정에서 불필요한 JAR들을 건너뛰면, 시스템 시작 시간과 JSP 컴파일 시간을 단축시킬 수 있습니다.
06-Aug-2025 13:29:13.924 정보 [main] org.apache.catalina.startup.HostConfig.deployDirectory 웹 애플리케이션 디렉토리 [/Users/andwise/cms-ai-project/case2/tomcat9/webapps/manager]에 대한 배치가 [23] 밀리초에 완료되었습니다.
06-Aug-2025 13:29:13.924 정보 [main] org.apache.catalina.startup.HostConfig.deployDirectory 웹 애플리케이션 디렉토리 [/Users/andwise/cms-ai-project/case2/tomcat9/webapps/examples]을(를) 배치합니다.
06-Aug-2025 13:29:13.992 정보 [main] org.apache.jasper.servlet.TldScanner.scanJars 적어도 하나의 JAR가 TLD들을 찾기 위해 스캔되었으나 아무 것도 찾지 못했습니다. 스캔했으나 TLD가 없는 JAR들의 전체 목록을 보시려면, 로그 레벨을 디버그 레벨로 설정하십시오. 스캔 과정에서 불필요한 JAR들을 건너뛰면, 시스템 시작 시간과 JSP 컴파일 시간을 단축시킬 수 있습니다.
06-Aug-2025 13:29:13.997 정보 [main] org.apache.catalina.startup.HostConfig.deployDirectory 웹 애플리케이션 디렉토리 [/Users/andwise/cms-ai-project/case2/tomcat9/webapps/examples]에 대한 배치가 [73] 밀리초에 완료되었습니다.
06-Aug-2025 13:29:13.997 정보 [main] org.apache.catalina.startup.HostConfig.deployDirectory 웹 애플리케이션 디렉토리 [/Users/andwise/cms-ai-project/case2/tomcat9/webapps/host-manager]을(를) 배치합니다.
06-Aug-2025 13:29:14.014 정보 [main] org.apache.jasper.servlet.TldScanner.scanJars 적어도 하나의 JAR가 TLD들을 찾기 위해 스캔되었으나 아무 것도 찾지 못했습니다. 스캔했으나 TLD가 없는 JAR들의 전체 목록을 보시려면, 로그 레벨을 디버그 레벨로 설정하십시오. 스캔 과정에서 불필요한 JAR들을 건너뛰면, 시스템 시작 시간과 JSP 컴파일 시간을 단축시킬 수 있습니다.
06-Aug-2025 13:29:14.015 정보 [main] org.apache.catalina.startup.HostConfig.deployDirectory 웹 애플리케이션 디렉토리 [/Users/andwise/cms-ai-project/case2/tomcat9/webapps/host-manager]에 대한 배치가 [18] 밀리초에 완료되었습니다.
06-Aug-2025 13:29:14.016 정보 [main] org.apache.coyote.AbstractProtocol.start 프로토콜 핸들러 ["http-nio-8000"]을(를) 시작합니다.
06-Aug-2025 13:29:14.020 정보 [main] org.apache.catalina.startup.Catalina.start 서버가 [302] 밀리초 내에 시작되었습니다.
06-Aug-2025 15:23:40.394 정보 [main] org.apache.catalina.core.StandardServer.await 셧다운 포트를 통해 유효한 셧다운 명령을 받았습니다. 서버 인스턴스를 중지시킵니다.
06-Aug-2025 15:23:40.394 정보 [main] org.apache.coyote.AbstractProtocol.pause 프로토콜 핸들러 ["http-nio-8000"]을(를) 일시 정지 중
06-Aug-2025 15:23:40.399 정보 [main] org.apache.catalina.core.StandardService.stopInternal 서비스 [Catalina]을(를) 중지시킵니다.
06-Aug-2025 15:23:40.423 정보 [main] org.apache.coyote.AbstractProtocol.stop 프로토콜 핸들러 ["http-nio-8000"]을(를) 중지시킵니다.
06-Aug-2025 15:23:40.436 정보 [main] org.apache.coyote.AbstractProtocol.destroy 프로토콜 핸들러 ["http-nio-8000"]을(를) 소멸시킵니다.
06-Aug-2025 15:23:43.607 경고 [main] org.apache.tomcat.util.digester.SetPropertiesRule.begin Match [Server/Service/Engine/Host/Context]이(가) 프로퍼티 [debug]을(를) [0](으)로 설정하지 못했습니다.
06-Aug-2025 15:23:43.608 경고 [main] org.apache.tomcat.util.digester.SetPropertiesRule.begin Match [Server/Service/Engine/Host/Context]이(가) 프로퍼티 [URIEncoding]을(를) [utf-8](으)로 설정하지 못했습니다.
06-Aug-2025 15:23:43.615 정보 [main] org.apache.catalina.startup.VersionLoggerListener.log 서버 버전 이름:    Apache Tomcat/9.0.91
06-Aug-2025 15:23:43.615 정보 [main] org.apache.catalina.startup.VersionLoggerListener.log Server 빌드 시각:  Jul 2 2024 12:35:51 UTC
06-Aug-2025 15:23:43.615 정보 [main] org.apache.catalina.startup.VersionLoggerListener.log Server 버전 번호:  9.0.91.0
06-Aug-2025 15:23:43.615 정보 [main] org.apache.catalina.startup.VersionLoggerListener.log 운영체제 이름:     Mac OS X
06-Aug-2025 15:23:43.615 정보 [main] org.apache.catalina.startup.VersionLoggerListener.log 운영체제 버전:     14.3
06-Aug-2025 15:23:43.615 정보 [main] org.apache.catalina.startup.VersionLoggerListener.log 아키텍처:          aarch64
06-Aug-2025 15:23:43.615 정보 [main] org.apache.catalina.startup.VersionLoggerListener.log 자바 홈:           /Users/andwise/Library/Application Support/Code/User/globalStorage/pleiades.java-extension-pack-jdk/java/21
06-Aug-2025 15:23:43.615 정보 [main] org.apache.catalina.startup.VersionLoggerListener.log JVM 버전:          21.0.7+6-LTS
06-Aug-2025 15:23:43.616 정보 [main] org.apache.catalina.startup.VersionLoggerListener.log JVM 벤더:          Eclipse Adoptium
06-Aug-2025 15:23:43.616 정보 [main] org.apache.catalina.startup.VersionLoggerListener.log CATALINA_BASE:     /Users/andwise/cms-ai-project/case2/tomcat9
06-Aug-2025 15:23:43.616 정보 [main] org.apache.catalina.startup.VersionLoggerListener.log CATALINA_HOME:     /Users/andwise/cms-ai-project/case2/tomcat9
06-Aug-2025 15:23:43.616 정보 [main] org.apache.catalina.startup.VersionLoggerListener.log 명령 행 아규먼트:  --add-opens=java.base/java.lang=ALL-UNNAMED
06-Aug-2025 15:23:43.616 정보 [main] org.apache.catalina.startup.VersionLoggerListener.log 명령 행 아규먼트:  --add-opens=java.base/java.io=ALL-UNNAMED
06-Aug-2025 15:23:43.616 정보 [main] org.apache.catalina.startup.VersionLoggerListener.log 명령 행 아규먼트:  --add-opens=java.base/java.util=ALL-UNNAMED
06-Aug-2025 15:23:43.616 정보 [main] org.apache.catalina.startup.VersionLoggerListener.log 명령 행 아규먼트:  --add-opens=java.base/java.util.concurrent=ALL-UNNAMED
06-Aug-2025 15:23:43.616 정보 [main] org.apache.catalina.startup.VersionLoggerListener.log 명령 행 아규먼트:  --add-opens=java.rmi/sun.rmi.transport=ALL-UNNAMED
06-Aug-2025 15:23:43.616 정보 [main] org.apache.catalina.startup.VersionLoggerListener.log 명령 행 아규먼트:  -Djava.util.logging.config.file=/Users/andwise/cms-ai-project/case2/tomcat9/conf/logging.properties
06-Aug-2025 15:23:43.616 정보 [main] org.apache.catalina.startup.VersionLoggerListener.log 명령 행 아규먼트:  -Djava.util.logging.manager=org.apache.juli.ClassLoaderLogManager
06-Aug-2025 15:23:43.616 정보 [main] org.apache.catalina.startup.VersionLoggerListener.log 명령 행 아규먼트:  -Djdk.tls.ephemeralDHKeySize=2048
06-Aug-2025 15:23:43.616 정보 [main] org.apache.catalina.startup.VersionLoggerListener.log 명령 행 아규먼트:  -Djava.protocol.handler.pkgs=org.apache.catalina.webresources
06-Aug-2025 15:23:43.616 정보 [main] org.apache.catalina.startup.VersionLoggerListener.log 명령 행 아규먼트:  -Dorg.apache.catalina.security.SecurityListener.UMASK=0027
06-Aug-2025 15:23:43.616 정보 [main] org.apache.catalina.startup.VersionLoggerListener.log 명령 행 아규먼트:  -Dignore.endorsed.dirs=
06-Aug-2025 15:23:43.616 정보 [main] org.apache.catalina.startup.VersionLoggerListener.log 명령 행 아규먼트:  -Dcatalina.base=/Users/andwise/cms-ai-project/case2/tomcat9
06-Aug-2025 15:23:43.616 정보 [main] org.apache.catalina.startup.VersionLoggerListener.log 명령 행 아규먼트:  -Dcatalina.home=/Users/andwise/cms-ai-project/case2/tomcat9
06-Aug-2025 15:23:43.616 정보 [main] org.apache.catalina.startup.VersionLoggerListener.log 명령 행 아규먼트:  -Djava.io.tmpdir=/Users/andwise/cms-ai-project/case2/tomcat9/temp
06-Aug-2025 15:23:43.623 정보 [main] org.apache.catalina.core.AprLifecycleListener.lifecycleEvent 프로덕션 환경들에서 최적의 성능을 제공하는, APR 기반 Apache Tomcat Native 라이브러리가, 다음 java.library.path에서 발견되지 않습니다: [/Users/andwise/Library/Java/Extensions:/Library/Java/Extensions:/Network/Library/Java/Extensions:/System/Library/Java/Extensions:/usr/lib/java:.]
06-Aug-2025 15:23:43.737 정보 [main] org.apache.coyote.AbstractProtocol.init 프로토콜 핸들러 ["http-nio-8000"]을(를) 초기화합니다.
06-Aug-2025 15:23:43.749 정보 [main] org.apache.catalina.startup.Catalina.load [236] 밀리초 내에 서버가 초기화되었습니다.
06-Aug-2025 15:23:43.764 정보 [main] org.apache.catalina.core.StandardService.startInternal 서비스 [Catalina]을(를) 시작합니다.
06-Aug-2025 15:23:43.764 정보 [main] org.apache.catalina.core.StandardEngine.startInternal 서버 엔진을 시작합니다: [Apache Tomcat/9.0.91]
06-Aug-2025 15:23:43.881 정보 [main] org.apache.jasper.servlet.TldScanner.scanJars 적어도 하나의 JAR가 TLD들을 찾기 위해 스캔되었으나 아무 것도 찾지 못했습니다. 스캔했으나 TLD가 없는 JAR들의 전체 목록을 보시려면, 로그 레벨을 디버그 레벨로 설정하십시오. 스캔 과정에서 불필요한 JAR들을 건너뛰면, 시스템 시작 시간과 JSP 컴파일 시간을 단축시킬 수 있습니다.
06-Aug-2025 15:23:43.898 정보 [main] org.apache.catalina.startup.HostConfig.deployDirectory 웹 애플리케이션 디렉토리 [/Users/andwise/cms-ai-project/case2/tomcat9/webapps/docs]을(를) 배치합니다.
06-Aug-2025 15:23:43.921 정보 [main] org.apache.jasper.servlet.TldScanner.scanJars 적어도 하나의 JAR가 TLD들을 찾기 위해 스캔되었으나 아무 것도 찾지 못했습니다. 스캔했으나 TLD가 없는 JAR들의 전체 목록을 보시려면, 로그 레벨을 디버그 레벨로 설정하십시오. 스캔 과정에서 불필요한 JAR들을 건너뛰면, 시스템 시작 시간과 JSP 컴파일 시간을 단축시킬 수 있습니다.
06-Aug-2025 15:23:43.924 정보 [main] org.apache.catalina.startup.HostConfig.deployDirectory 웹 애플리케이션 디렉토리 [/Users/andwise/cms-ai-project/case2/tomcat9/webapps/docs]에 대한 배치가 [23] 밀리초에 완료되었습니다.
06-Aug-2025 15:23:43.924 정보 [main] org.apache.catalina.startup.HostConfig.deployDirectory 웹 애플리케이션 디렉토리 [/Users/andwise/cms-ai-project/case2/tomcat9/webapps/manager]을(를) 배치합니다.
06-Aug-2025 15:23:43.945 정보 [main] org.apache.jasper.servlet.TldScanner.scanJars 적어도 하나의 JAR가 TLD들을 찾기 위해 스캔되었으나 아무 것도 찾지 못했습니다. 스캔했으나 TLD가 없는 JAR들의 전체 목록을 보시려면, 로그 레벨을 디버그 레벨로 설정하십시오. 스캔 과정에서 불필요한 JAR들을 건너뛰면, 시스템 시작 시간과 JSP 컴파일 시간을 단축시킬 수 있습니다.
06-Aug-2025 15:23:43.948 정보 [main] org.apache.catalina.startup.HostConfig.deployDirectory 웹 애플리케이션 디렉토리 [/Users/andwise/cms-ai-project/case2/tomcat9/webapps/manager]에 대한 배치가 [24] 밀리초에 완료되었습니다.
06-Aug-2025 15:23:43.948 정보 [main] org.apache.catalina.startup.HostConfig.deployDirectory 웹 애플리케이션 디렉토리 [/Users/andwise/cms-ai-project/case2/tomcat9/webapps/examples]을(를) 배치합니다.
06-Aug-2025 15:23:44.022 정보 [main] org.apache.jasper.servlet.TldScanner.scanJars 적어도 하나의 JAR가 TLD들을 찾기 위해 스캔되었으나 아무 것도 찾지 못했습니다. 스캔했으나 TLD가 없는 JAR들의 전체 목록을 보시려면, 로그 레벨을 디버그 레벨로 설정하십시오. 스캔 과정에서 불필요한 JAR들을 건너뛰면, 시스템 시작 시간과 JSP 컴파일 시간을 단축시킬 수 있습니다.
06-Aug-2025 15:23:44.027 정보 [main] org.apache.catalina.startup.HostConfig.deployDirectory 웹 애플리케이션 디렉토리 [/Users/andwise/cms-ai-project/case2/tomcat9/webapps/examples]에 대한 배치가 [79] 밀리초에 완료되었습니다.
06-Aug-2025 15:23:44.027 정보 [main] org.apache.catalina.startup.HostConfig.deployDirectory 웹 애플리케이션 디렉토리 [/Users/andwise/cms-ai-project/case2/tomcat9/webapps/host-manager]을(를) 배치합니다.
06-Aug-2025 15:23:44.043 정보 [main] org.apache.jasper.servlet.TldScanner.scanJars 적어도 하나의 JAR가 TLD들을 찾기 위해 스캔되었으나 아무 것도 찾지 못했습니다. 스캔했으나 TLD가 없는 JAR들의 전체 목록을 보시려면, 로그 레벨을 디버그 레벨로 설정하십시오. 스캔 과정에서 불필요한 JAR들을 건너뛰면, 시스템 시작 시간과 JSP 컴파일 시간을 단축시킬 수 있습니다.
06-Aug-2025 15:23:44.044 정보 [main] org.apache.catalina.startup.HostConfig.deployDirectory 웹 애플리케이션 디렉토리 [/Users/andwise/cms-ai-project/case2/tomcat9/webapps/host-manager]에 대한 배치가 [17] 밀리초에 완료되었습니다.
06-Aug-2025 15:23:44.045 정보 [main] org.apache.coyote.AbstractProtocol.start 프로토콜 핸들러 ["http-nio-8000"]을(를) 시작합니다.
06-Aug-2025 15:23:44.049 정보 [main] org.apache.catalina.startup.Catalina.start 서버가 [299] 밀리초 내에 시작되었습니다.
06-Aug-2025 15:29:41.846 정보 [main] org.apache.catalina.core.StandardServer.await 셧다운 포트를 통해 유효한 셧다운 명령을 받았습니다. 서버 인스턴스를 중지시킵니다.
06-Aug-2025 15:29:41.847 정보 [main] org.apache.coyote.AbstractProtocol.pause 프로토콜 핸들러 ["http-nio-8000"]을(를) 일시 정지 중
06-Aug-2025 15:29:41.851 정보 [main] org.apache.catalina.core.StandardService.stopInternal 서비스 [Catalina]을(를) 중지시킵니다.
06-Aug-2025 15:29:41.866 정보 [main] org.apache.coyote.AbstractProtocol.stop 프로토콜 핸들러 ["http-nio-8000"]을(를) 중지시킵니다.
06-Aug-2025 15:29:41.877 정보 [main] org.apache.coyote.AbstractProtocol.destroy 프로토콜 핸들러 ["http-nio-8000"]을(를) 소멸시킵니다.
06-Aug-2025 15:29:43.492 경고 [main] org.apache.tomcat.util.digester.SetPropertiesRule.begin Match [Server/Service/Engine/Host/Context]이(가) 프로퍼티 [debug]을(를) [0](으)로 설정하지 못했습니다.
06-Aug-2025 15:29:43.493 경고 [main] org.apache.tomcat.util.digester.SetPropertiesRule.begin Match [Server/Service/Engine/Host/Context]이(가) 프로퍼티 [URIEncoding]을(를) [utf-8](으)로 설정하지 못했습니다.
06-Aug-2025 15:29:43.499 정보 [main] org.apache.catalina.startup.VersionLoggerListener.log 서버 버전 이름:    Apache Tomcat/9.0.91
06-Aug-2025 15:29:43.499 정보 [main] org.apache.catalina.startup.VersionLoggerListener.log Server 빌드 시각:  Jul 2 2024 12:35:51 UTC
06-Aug-2025 15:29:43.499 정보 [main] org.apache.catalina.startup.VersionLoggerListener.log Server 버전 번호:  9.0.91.0
06-Aug-2025 15:29:43.499 정보 [main] org.apache.catalina.startup.VersionLoggerListener.log 운영체제 이름:     Mac OS X
06-Aug-2025 15:29:43.500 정보 [main] org.apache.catalina.startup.VersionLoggerListener.log 운영체제 버전:     14.3
06-Aug-2025 15:29:43.500 정보 [main] org.apache.catalina.startup.VersionLoggerListener.log 아키텍처:          aarch64
06-Aug-2025 15:29:43.500 정보 [main] org.apache.catalina.startup.VersionLoggerListener.log 자바 홈:           /Users/andwise/Library/Application Support/Code/User/globalStorage/pleiades.java-extension-pack-jdk/java/21
06-Aug-2025 15:29:43.500 정보 [main] org.apache.catalina.startup.VersionLoggerListener.log JVM 버전:          21.0.7+6-LTS
06-Aug-2025 15:29:43.500 정보 [main] org.apache.catalina.startup.VersionLoggerListener.log JVM 벤더:          Eclipse Adoptium
06-Aug-2025 15:29:43.500 정보 [main] org.apache.catalina.startup.VersionLoggerListener.log CATALINA_BASE:     /Users/andwise/cms-ai-project/case2/tomcat9
06-Aug-2025 15:29:43.500 정보 [main] org.apache.catalina.startup.VersionLoggerListener.log CATALINA_HOME:     /Users/andwise/cms-ai-project/case2/tomcat9
06-Aug-2025 15:29:43.500 정보 [main] org.apache.catalina.startup.VersionLoggerListener.log 명령 행 아규먼트:  --add-opens=java.base/java.lang=ALL-UNNAMED
06-Aug-2025 15:29:43.500 정보 [main] org.apache.catalina.startup.VersionLoggerListener.log 명령 행 아규먼트:  --add-opens=java.base/java.io=ALL-UNNAMED
06-Aug-2025 15:29:43.500 정보 [main] org.apache.catalina.startup.VersionLoggerListener.log 명령 행 아규먼트:  --add-opens=java.base/java.util=ALL-UNNAMED
06-Aug-2025 15:29:43.500 정보 [main] org.apache.catalina.startup.VersionLoggerListener.log 명령 행 아규먼트:  --add-opens=java.base/java.util.concurrent=ALL-UNNAMED
06-Aug-2025 15:29:43.500 정보 [main] org.apache.catalina.startup.VersionLoggerListener.log 명령 행 아규먼트:  --add-opens=java.rmi/sun.rmi.transport=ALL-UNNAMED
06-Aug-2025 15:29:43.500 정보 [main] org.apache.catalina.startup.VersionLoggerListener.log 명령 행 아규먼트:  -Djava.util.logging.config.file=/Users/andwise/cms-ai-project/case2/tomcat9/conf/logging.properties
06-Aug-2025 15:29:43.500 정보 [main] org.apache.catalina.startup.VersionLoggerListener.log 명령 행 아규먼트:  -Djava.util.logging.manager=org.apache.juli.ClassLoaderLogManager
06-Aug-2025 15:29:43.500 정보 [main] org.apache.catalina.startup.VersionLoggerListener.log 명령 행 아규먼트:  -Djdk.tls.ephemeralDHKeySize=2048
06-Aug-2025 15:29:43.500 정보 [main] org.apache.catalina.startup.VersionLoggerListener.log 명령 행 아규먼트:  -Djava.protocol.handler.pkgs=org.apache.catalina.webresources
06-Aug-2025 15:29:43.501 정보 [main] org.apache.catalina.startup.VersionLoggerListener.log 명령 행 아규먼트:  -Dorg.apache.catalina.security.SecurityListener.UMASK=0027
06-Aug-2025 15:29:43.501 정보 [main] org.apache.catalina.startup.VersionLoggerListener.log 명령 행 아규먼트:  -Dignore.endorsed.dirs=
06-Aug-2025 15:29:43.501 정보 [main] org.apache.catalina.startup.VersionLoggerListener.log 명령 행 아규먼트:  -Dcatalina.base=/Users/andwise/cms-ai-project/case2/tomcat9
06-Aug-2025 15:29:43.501 정보 [main] org.apache.catalina.startup.VersionLoggerListener.log 명령 행 아규먼트:  -Dcatalina.home=/Users/andwise/cms-ai-project/case2/tomcat9
06-Aug-2025 15:29:43.501 정보 [main] org.apache.catalina.startup.VersionLoggerListener.log 명령 행 아규먼트:  -Djava.io.tmpdir=/Users/andwise/cms-ai-project/case2/tomcat9/temp
06-Aug-2025 15:29:43.504 정보 [main] org.apache.catalina.core.AprLifecycleListener.lifecycleEvent 프로덕션 환경들에서 최적의 성능을 제공하는, APR 기반 Apache Tomcat Native 라이브러리가, 다음 java.library.path에서 발견되지 않습니다: [/Users/andwise/Library/Java/Extensions:/Library/Java/Extensions:/Network/Library/Java/Extensions:/System/Library/Java/Extensions:/usr/lib/java:.]
06-Aug-2025 15:29:43.608 정보 [main] org.apache.coyote.AbstractProtocol.init 프로토콜 핸들러 ["http-nio-8000"]을(를) 초기화합니다.
06-Aug-2025 15:29:43.618 정보 [main] org.apache.catalina.startup.Catalina.load [206] 밀리초 내에 서버가 초기화되었습니다.
06-Aug-2025 15:29:43.631 정보 [main] org.apache.catalina.core.StandardService.startInternal 서비스 [Catalina]을(를) 시작합니다.
06-Aug-2025 15:29:43.631 정보 [main] org.apache.catalina.core.StandardEngine.startInternal 서버 엔진을 시작합니다: [Apache Tomcat/9.0.91]
06-Aug-2025 15:29:43.731 정보 [main] org.apache.jasper.servlet.TldScanner.scanJars 적어도 하나의 JAR가 TLD들을 찾기 위해 스캔되었으나 아무 것도 찾지 못했습니다. 스캔했으나 TLD가 없는 JAR들의 전체 목록을 보시려면, 로그 레벨을 디버그 레벨로 설정하십시오. 스캔 과정에서 불필요한 JAR들을 건너뛰면, 시스템 시작 시간과 JSP 컴파일 시간을 단축시킬 수 있습니다.
06-Aug-2025 15:29:43.747 정보 [main] org.apache.catalina.startup.HostConfig.deployDirectory 웹 애플리케이션 디렉토리 [/Users/andwise/cms-ai-project/case2/tomcat9/webapps/docs]을(를) 배치합니다.
06-Aug-2025 15:29:43.772 정보 [main] org.apache.jasper.servlet.TldScanner.scanJars 적어도 하나의 JAR가 TLD들을 찾기 위해 스캔되었으나 아무 것도 찾지 못했습니다. 스캔했으나 TLD가 없는 JAR들의 전체 목록을 보시려면, 로그 레벨을 디버그 레벨로 설정하십시오. 스캔 과정에서 불필요한 JAR들을 건너뛰면, 시스템 시작 시간과 JSP 컴파일 시간을 단축시킬 수 있습니다.
06-Aug-2025 15:29:43.774 정보 [main] org.apache.catalina.startup.HostConfig.deployDirectory 웹 애플리케이션 디렉토리 [/Users/andwise/cms-ai-project/case2/tomcat9/webapps/docs]에 대한 배치가 [26] 밀리초에 완료되었습니다.
06-Aug-2025 15:29:43.774 정보 [main] org.apache.catalina.startup.HostConfig.deployDirectory 웹 애플리케이션 디렉토리 [/Users/andwise/cms-ai-project/case2/tomcat9/webapps/manager]을(를) 배치합니다.
06-Aug-2025 15:29:43.794 정보 [main] org.apache.jasper.servlet.TldScanner.scanJars 적어도 하나의 JAR가 TLD들을 찾기 위해 스캔되었으나 아무 것도 찾지 못했습니다. 스캔했으나 TLD가 없는 JAR들의 전체 목록을 보시려면, 로그 레벨을 디버그 레벨로 설정하십시오. 스캔 과정에서 불필요한 JAR들을 건너뛰면, 시스템 시작 시간과 JSP 컴파일 시간을 단축시킬 수 있습니다.
06-Aug-2025 15:29:43.798 정보 [main] org.apache.catalina.startup.HostConfig.deployDirectory 웹 애플리케이션 디렉토리 [/Users/andwise/cms-ai-project/case2/tomcat9/webapps/manager]에 대한 배치가 [23] 밀리초에 완료되었습니다.
06-Aug-2025 15:29:43.798 정보 [main] org.apache.catalina.startup.HostConfig.deployDirectory 웹 애플리케이션 디렉토리 [/Users/andwise/cms-ai-project/case2/tomcat9/webapps/examples]을(를) 배치합니다.
06-Aug-2025 15:29:43.866 정보 [main] org.apache.jasper.servlet.TldScanner.scanJars 적어도 하나의 JAR가 TLD들을 찾기 위해 스캔되었으나 아무 것도 찾지 못했습니다. 스캔했으나 TLD가 없는 JAR들의 전체 목록을 보시려면, 로그 레벨을 디버그 레벨로 설정하십시오. 스캔 과정에서 불필요한 JAR들을 건너뛰면, 시스템 시작 시간과 JSP 컴파일 시간을 단축시킬 수 있습니다.
06-Aug-2025 15:29:43.871 정보 [main] org.apache.catalina.startup.HostConfig.deployDirectory 웹 애플리케이션 디렉토리 [/Users/andwise/cms-ai-project/case2/tomcat9/webapps/examples]에 대한 배치가 [73] 밀리초에 완료되었습니다.
06-Aug-2025 15:29:43.871 정보 [main] org.apache.catalina.startup.HostConfig.deployDirectory 웹 애플리케이션 디렉토리 [/Users/andwise/cms-ai-project/case2/tomcat9/webapps/host-manager]을(를) 배치합니다.
06-Aug-2025 15:29:43.888 정보 [main] org.apache.jasper.servlet.TldScanner.scanJars 적어도 하나의 JAR가 TLD들을 찾기 위해 스캔되었으나 아무 것도 찾지 못했습니다. 스캔했으나 TLD가 없는 JAR들의 전체 목록을 보시려면, 로그 레벨을 디버그 레벨로 설정하십시오. 스캔 과정에서 불필요한 JAR들을 건너뛰면, 시스템 시작 시간과 JSP 컴파일 시간을 단축시킬 수 있습니다.
06-Aug-2025 15:29:43.889 정보 [main] org.apache.catalina.startup.HostConfig.deployDirectory 웹 애플리케이션 디렉토리 [/Users/andwise/cms-ai-project/case2/tomcat9/webapps/host-manager]에 대한 배치가 [18] 밀리초에 완료되었습니다.
06-Aug-2025 15:29:43.891 정보 [main] org.apache.coyote.AbstractProtocol.start 프로토콜 핸들러 ["http-nio-8000"]을(를) 시작합니다.
06-Aug-2025 15:29:43.895 정보 [main] org.apache.catalina.startup.Catalina.start 서버가 [276] 밀리초 내에 시작되었습니다.
